Determining if the pthread_create exist failed with the following output:
Change Dir: /home/robond/ROS_Udacity/build_isolated/rtabmap_costmap_plugins/CMakeFiles/CMakeTmp

Run Build Command(s):/usr/bin/make cmTC_f49bf/fast 
/usr/bin/make -f CMakeFiles/cmTC_f49bf.dir/build.make CMakeFiles/cmTC_f49bf.dir/build
make[1]: Entering directory '/home/robond/ROS_Udacity/build_isolated/rtabmap_costmap_plugins/CMakeFiles/CMakeTmp'
Building C object CMakeFiles/cmTC_f49bf.dir/CheckSymbolExists.c.o
/usr/bin/cc    -o CMakeFiles/cmTC_f49bf.dir/CheckSymbolExists.c.o   -c /home/robond/ROS_Udacity/build_isolated/rtabmap_costmap_plugins/CMakeFiles/CMakeTmp/CheckSymbolExists.c
Linking C executable cmTC_f49bf
/usr/local/bin/cmake -E cmake_link_script CMakeFiles/cmTC_f49bf.dir/link.txt --verbose=1
/usr/bin/cc      -rdynamic CMakeFiles/cmTC_f49bf.dir/CheckSymbolExists.c.o  -o cmTC_f49bf 
CMakeFiles/cmTC_f49bf.dir/CheckSymbolExists.c.o: In function `main':
CheckSymbolExists.c:(.text+0x16): undefined reference to `pthread_create'
collect2: error: ld returned 1 exit status
CMakeFiles/cmTC_f49bf.dir/build.make:86: recipe for target 'cmTC_f49bf' failed
make[1]: *** [cmTC_f49bf] Error 1
make[1]: Leaving directory '/home/robond/ROS_Udacity/build_isolated/rtabmap_costmap_plugins/CMakeFiles/CMakeTmp'
Makefile:121: recipe for target 'cmTC_f49bf/fast' failed
make: *** [cmTC_f49bf/fast] Error 2

File /home/robond/ROS_Udacity/build_isolated/rtabmap_costmap_plugins/CMakeFiles/CMakeTmp/CheckSymbolExists.c:
/* */
#include <pthread.h>

int main(int argc, char** argv)
{
  (void)argv;
#ifndef pthread_create
  return ((int*)(&pthread_create))[argc];
#else
  (void)argc;
  return 0;
#endif
}

Determining if the function pthread_create exists in the pthreads failed with the following output:
Change Dir: /home/robond/ROS_Udacity/build_isolated/rtabmap_costmap_plugins/CMakeFiles/CMakeTmp

Run Build Command(s):/usr/bin/make cmTC_896a0/fast 
/usr/bin/make -f CMakeFiles/cmTC_896a0.dir/build.make CMakeFiles/cmTC_896a0.dir/build
make[1]: Entering directory '/home/robond/ROS_Udacity/build_isolated/rtabmap_costmap_plugins/CMakeFiles/CMakeTmp'
Building C object CMakeFiles/cmTC_896a0.dir/CheckFunctionExists.c.o
/usr/bin/cc   -DCHECK_FUNCTION_EXISTS=pthread_create   -o CMakeFiles/cmTC_896a0.dir/CheckFunctionExists.c.o   -c /usr/local/share/cmake-3.14/Modules/CheckFunctionExists.c
Linking C executable cmTC_896a0
/usr/local/bin/cmake -E cmake_link_script CMakeFiles/cmTC_896a0.dir/link.txt --verbose=1
/usr/bin/cc  -DCHECK_FUNCTION_EXISTS=pthread_create    -rdynamic CMakeFiles/cmTC_896a0.dir/CheckFunctionExists.c.o  -o cmTC_896a0 -lpthreads 
/usr/bin/ld: cannot find -lpthreads
collect2: error: ld returned 1 exit status
CMakeFiles/cmTC_896a0.dir/build.make:86: recipe for target 'cmTC_896a0' failed
make[1]: *** [cmTC_896a0] Error 1
make[1]: Leaving directory '/home/robond/ROS_Udacity/build_isolated/rtabmap_costmap_plugins/CMakeFiles/CMakeTmp'
Makefile:121: recipe for target 'cmTC_896a0/fast' failed
make: *** [cmTC_896a0/fast] Error 2


