Determining if the pthread_create exist failed with the following output:
Change Dir: /home/robond/ROS_Udacity/build_isolated/rtabmap_demos/CMakeFiles/CMakeTmp

Run Build Command(s):/usr/bin/make cmTC_3909f/fast 
/usr/bin/make -f CMakeFiles/cmTC_3909f.dir/build.make CMakeFiles/cmTC_3909f.dir/build
make[1]: Entering directory '/home/robond/ROS_Udacity/build_isolated/rtabmap_demos/CMakeFiles/CMakeTmp'
Building C object CMakeFiles/cmTC_3909f.dir/CheckSymbolExists.c.o
/usr/bin/cc    -o CMakeFiles/cmTC_3909f.dir/CheckSymbolExists.c.o   -c /home/robond/ROS_Udacity/build_isolated/rtabmap_demos/CMakeFiles/CMakeTmp/CheckSymbolExists.c
Linking C executable cmTC_3909f
/usr/local/bin/cmake -E cmake_link_script CMakeFiles/cmTC_3909f.dir/link.txt --verbose=1
/usr/bin/cc      -rdynamic CMakeFiles/cmTC_3909f.dir/CheckSymbolExists.c.o  -o cmTC_3909f 
CMakeFiles/cmTC_3909f.dir/CheckSymbolExists.c.o: In function `main':
CheckSymbolExists.c:(.text+0x16): undefined reference to `pthread_create'
collect2: error: ld returned 1 exit status
CMakeFiles/cmTC_3909f.dir/build.make:86: recipe for target 'cmTC_3909f' failed
make[1]: *** [cmTC_3909f] Error 1
make[1]: Leaving directory '/home/robond/ROS_Udacity/build_isolated/rtabmap_demos/CMakeFiles/CMakeTmp'
Makefile:121: recipe for target 'cmTC_3909f/fast' failed
make: *** [cmTC_3909f/fast] Error 2

File /home/robond/ROS_Udacity/build_isolated/rtabmap_demos/CMakeFiles/CMakeTmp/CheckSymbolExists.c:
/* */
#include <pthread.h>

int main(int argc, char** argv)
{
  (void)argv;
#ifndef pthread_create
  return ((int*)(&pthread_create))[argc];
#else
  (void)argc;
  return 0;
#endif
}

Determining if the function pthread_create exists in the pthreads failed with the following output:
Change Dir: /home/robond/ROS_Udacity/build_isolated/rtabmap_demos/CMakeFiles/CMakeTmp

Run Build Command(s):/usr/bin/make cmTC_06ff6/fast 
/usr/bin/make -f CMakeFiles/cmTC_06ff6.dir/build.make CMakeFiles/cmTC_06ff6.dir/build
make[1]: Entering directory '/home/robond/ROS_Udacity/build_isolated/rtabmap_demos/CMakeFiles/CMakeTmp'
Building C object CMakeFiles/cmTC_06ff6.dir/CheckFunctionExists.c.o
/usr/bin/cc   -DCHECK_FUNCTION_EXISTS=pthread_create   -o CMakeFiles/cmTC_06ff6.dir/CheckFunctionExists.c.o   -c /usr/local/share/cmake-3.14/Modules/CheckFunctionExists.c
Linking C executable cmTC_06ff6
/usr/local/bin/cmake -E cmake_link_script CMakeFiles/cmTC_06ff6.dir/link.txt --verbose=1
/usr/bin/cc  -DCHECK_FUNCTION_EXISTS=pthread_create    -rdynamic CMakeFiles/cmTC_06ff6.dir/CheckFunctionExists.c.o  -o cmTC_06ff6 -lpthreads 
/usr/bin/ld: cannot find -lpthreads
collect2: error: ld returned 1 exit status
CMakeFiles/cmTC_06ff6.dir/build.make:86: recipe for target 'cmTC_06ff6' failed
make[1]: *** [cmTC_06ff6] Error 1
make[1]: Leaving directory '/home/robond/ROS_Udacity/build_isolated/rtabmap_demos/CMakeFiles/CMakeTmp'
Makefile:121: recipe for target 'cmTC_06ff6/fast' failed
make: *** [cmTC_06ff6/fast] Error 2


