Determining if the pthread_create exist failed with the following output:
Change Dir: /home/robond/ROS_Udacity/build_isolated/ball_chaser/CMakeFiles/CMakeTmp

Run Build Command(s):/usr/bin/make cmTC_93b5b/fast 
/usr/bin/make -f CMakeFiles/cmTC_93b5b.dir/build.make CMakeFiles/cmTC_93b5b.dir/build
make[1]: Entering directory '/home/robond/ROS_Udacity/build_isolated/ball_chaser/CMakeFiles/CMakeTmp'
Building C object CMakeFiles/cmTC_93b5b.dir/CheckSymbolExists.c.o
/usr/bin/cc    -o CMakeFiles/cmTC_93b5b.dir/CheckSymbolExists.c.o   -c /home/robond/ROS_Udacity/build_isolated/ball_chaser/CMakeFiles/CMakeTmp/CheckSymbolExists.c
Linking C executable cmTC_93b5b
/usr/local/bin/cmake -E cmake_link_script CMakeFiles/cmTC_93b5b.dir/link.txt --verbose=1
/usr/bin/cc      -rdynamic CMakeFiles/cmTC_93b5b.dir/CheckSymbolExists.c.o  -o cmTC_93b5b 
CMakeFiles/cmTC_93b5b.dir/CheckSymbolExists.c.o: In function `main':
CheckSymbolExists.c:(.text+0x16): undefined reference to `pthread_create'
collect2: error: ld returned 1 exit status
CMakeFiles/cmTC_93b5b.dir/build.make:86: recipe for target 'cmTC_93b5b' failed
make[1]: *** [cmTC_93b5b] Error 1
make[1]: Leaving directory '/home/robond/ROS_Udacity/build_isolated/ball_chaser/CMakeFiles/CMakeTmp'
Makefile:121: recipe for target 'cmTC_93b5b/fast' failed
make: *** [cmTC_93b5b/fast] Error 2

File /home/robond/ROS_Udacity/build_isolated/ball_chaser/CMakeFiles/CMakeTmp/CheckSymbolExists.c:
/* */
#include <pthread.h>

int main(int argc, char** argv)
{
  (void)argv;
#ifndef pthread_create
  return ((int*)(&pthread_create))[argc];
#else
  (void)argc;
  return 0;
#endif
}

Determining if the function pthread_create exists in the pthreads failed with the following output:
Change Dir: /home/robond/ROS_Udacity/build_isolated/ball_chaser/CMakeFiles/CMakeTmp

Run Build Command(s):/usr/bin/make cmTC_7e182/fast 
/usr/bin/make -f CMakeFiles/cmTC_7e182.dir/build.make CMakeFiles/cmTC_7e182.dir/build
make[1]: Entering directory '/home/robond/ROS_Udacity/build_isolated/ball_chaser/CMakeFiles/CMakeTmp'
Building C object CMakeFiles/cmTC_7e182.dir/CheckFunctionExists.c.o
/usr/bin/cc   -DCHECK_FUNCTION_EXISTS=pthread_create   -o CMakeFiles/cmTC_7e182.dir/CheckFunctionExists.c.o   -c /usr/local/share/cmake-3.14/Modules/CheckFunctionExists.c
Linking C executable cmTC_7e182
/usr/local/bin/cmake -E cmake_link_script CMakeFiles/cmTC_7e182.dir/link.txt --verbose=1
/usr/bin/cc  -DCHECK_FUNCTION_EXISTS=pthread_create    -rdynamic CMakeFiles/cmTC_7e182.dir/CheckFunctionExists.c.o  -o cmTC_7e182 -lpthreads 
/usr/bin/ld: cannot find -lpthreads
collect2: error: ld returned 1 exit status
CMakeFiles/cmTC_7e182.dir/build.make:86: recipe for target 'cmTC_7e182' failed
make[1]: *** [cmTC_7e182] Error 1
make[1]: Leaving directory '/home/robond/ROS_Udacity/build_isolated/ball_chaser/CMakeFiles/CMakeTmp'
Makefile:121: recipe for target 'cmTC_7e182/fast' failed
make: *** [cmTC_7e182/fast] Error 2


