Determining if the pthread_create exist failed with the following output:
Change Dir: /home/robond/catkin_ws/build/CMakeFiles/CMakeTmp

Run Build Command:"/usr/bin/make" "cmTC_55acd/fast"
/usr/bin/make -f CMakeFiles/cmTC_55acd.dir/build.make CMakeFiles/cmTC_55acd.dir/build
make[1]: Entering directory '/home/robond/catkin_ws/build/CMakeFiles/CMakeTmp'
Building C object CMakeFiles/cmTC_55acd.dir/CheckSymbolExists.c.o
/usr/bin/cc     -o CMakeFiles/cmTC_55acd.dir/CheckSymbolExists.c.o   -c /home/robond/catkin_ws/build/CMakeFiles/CMakeTmp/CheckSymbolExists.c
Linking C executable cmTC_55acd
/usr/bin/cmake -E cmake_link_script CMakeFiles/cmTC_55acd.dir/link.txt --verbose=1
/usr/bin/cc       CMakeFiles/cmTC_55acd.dir/CheckSymbolExists.c.o  -o cmTC_55acd -rdynamic 
CMakeFiles/cmTC_55acd.dir/CheckSymbolExists.c.o: In function `main':
CheckSymbolExists.c:(.text+0x16): undefined reference to `pthread_create'
collect2: error: ld returned 1 exit status
CMakeFiles/cmTC_55acd.dir/build.make:97: recipe for target 'cmTC_55acd' failed
make[1]: *** [cmTC_55acd] Error 1
make[1]: Leaving directory '/home/robond/catkin_ws/build/CMakeFiles/CMakeTmp'
Makefile:126: recipe for target 'cmTC_55acd/fast' failed
make: *** [cmTC_55acd/fast] Error 2

File /home/robond/catkin_ws/build/CMakeFiles/CMakeTmp/CheckSymbolExists.c:
/* */
#include <pthread.h>

int main(int argc, char** argv)
{
  (void)argv;
#ifndef pthread_create
  return ((int*)(&pthread_create))[argc];
#else
  (void)argc;
  return 0;
#endif
}

Determining if the function pthread_create exists in the pthreads failed with the following output:
Change Dir: /home/robond/catkin_ws/build/CMakeFiles/CMakeTmp

Run Build Command:"/usr/bin/make" "cmTC_8215c/fast"
/usr/bin/make -f CMakeFiles/cmTC_8215c.dir/build.make CMakeFiles/cmTC_8215c.dir/build
make[1]: Entering directory '/home/robond/catkin_ws/build/CMakeFiles/CMakeTmp'
Building C object CMakeFiles/cmTC_8215c.dir/CheckFunctionExists.c.o
/usr/bin/cc    -DCHECK_FUNCTION_EXISTS=pthread_create   -o CMakeFiles/cmTC_8215c.dir/CheckFunctionExists.c.o   -c /usr/share/cmake-3.5/Modules/CheckFunctionExists.c
Linking C executable cmTC_8215c
/usr/bin/cmake -E cmake_link_script CMakeFiles/cmTC_8215c.dir/link.txt --verbose=1
/usr/bin/cc   -DCHECK_FUNCTION_EXISTS=pthread_create    CMakeFiles/cmTC_8215c.dir/CheckFunctionExists.c.o  -o cmTC_8215c -rdynamic -lpthreads 
/usr/bin/ld: cannot find -lpthreads
collect2: error: ld returned 1 exit status
CMakeFiles/cmTC_8215c.dir/build.make:97: recipe for target 'cmTC_8215c' failed
make[1]: *** [cmTC_8215c] Error 1
make[1]: Leaving directory '/home/robond/catkin_ws/build/CMakeFiles/CMakeTmp'
Makefile:126: recipe for target 'cmTC_8215c/fast' failed
make: *** [cmTC_8215c/fast] Error 2


