Determining if the pthread_create exist failed with the following output:
Change Dir: /home/robond/ROS_Udacity/build/CMakeFiles/CMakeTmp

Run Build Command(s):/usr/bin/make cmTC_65ad8/fast 
/usr/bin/make -f CMakeFiles/cmTC_65ad8.dir/build.make CMakeFiles/cmTC_65ad8.dir/build
make[1]: Entering directory '/home/robond/ROS_Udacity/build/CMakeFiles/CMakeTmp'
Building C object CMakeFiles/cmTC_65ad8.dir/CheckSymbolExists.c.o
/usr/bin/cc    -o CMakeFiles/cmTC_65ad8.dir/CheckSymbolExists.c.o   -c /home/robond/ROS_Udacity/build/CMakeFiles/CMakeTmp/CheckSymbolExists.c
Linking C executable cmTC_65ad8
/usr/local/bin/cmake -E cmake_link_script CMakeFiles/cmTC_65ad8.dir/link.txt --verbose=1
/usr/bin/cc      -rdynamic CMakeFiles/cmTC_65ad8.dir/CheckSymbolExists.c.o  -o cmTC_65ad8 
CMakeFiles/cmTC_65ad8.dir/CheckSymbolExists.c.o: In function `main':
CheckSymbolExists.c:(.text+0x16): undefined reference to `pthread_create'
collect2: error: ld returned 1 exit status
CMakeFiles/cmTC_65ad8.dir/build.make:86: recipe for target 'cmTC_65ad8' failed
make[1]: *** [cmTC_65ad8] Error 1
make[1]: Leaving directory '/home/robond/ROS_Udacity/build/CMakeFiles/CMakeTmp'
Makefile:121: recipe for target 'cmTC_65ad8/fast' failed
make: *** [cmTC_65ad8/fast] Error 2

File /home/robond/ROS_Udacity/build/CMakeFiles/CMakeTmp/CheckSymbolExists.c:
/* */
#include <pthread.h>

int main(int argc, char** argv)
{
  (void)argv;
#ifndef pthread_create
  return ((int*)(&pthread_create))[argc];
#else
  (void)argc;
  return 0;
#endif
}

Determining if the function pthread_create exists in the pthreads failed with the following output:
Change Dir: /home/robond/ROS_Udacity/build/CMakeFiles/CMakeTmp

Run Build Command(s):/usr/bin/make cmTC_697c1/fast 
/usr/bin/make -f CMakeFiles/cmTC_697c1.dir/build.make CMakeFiles/cmTC_697c1.dir/build
make[1]: Entering directory '/home/robond/ROS_Udacity/build/CMakeFiles/CMakeTmp'
Building C object CMakeFiles/cmTC_697c1.dir/CheckFunctionExists.c.o
/usr/bin/cc   -DCHECK_FUNCTION_EXISTS=pthread_create   -o CMakeFiles/cmTC_697c1.dir/CheckFunctionExists.c.o   -c /usr/local/share/cmake-3.14/Modules/CheckFunctionExists.c
Linking C executable cmTC_697c1
/usr/local/bin/cmake -E cmake_link_script CMakeFiles/cmTC_697c1.dir/link.txt --verbose=1
/usr/bin/cc  -DCHECK_FUNCTION_EXISTS=pthread_create    -rdynamic CMakeFiles/cmTC_697c1.dir/CheckFunctionExists.c.o  -o cmTC_697c1 -lpthreads 
/usr/bin/ld: cannot find -lpthreads
collect2: error: ld returned 1 exit status
CMakeFiles/cmTC_697c1.dir/build.make:86: recipe for target 'cmTC_697c1' failed
make[1]: *** [cmTC_697c1] Error 1
make[1]: Leaving directory '/home/robond/ROS_Udacity/build/CMakeFiles/CMakeTmp'
Makefile:121: recipe for target 'cmTC_697c1/fast' failed
make: *** [cmTC_697c1/fast] Error 2


